AndroidVkSdkSample/androidVkSdkSample/build/outputs/logs/manifest-merger-debug-report.txt
-- Merging decision tree log ---
manifest
ADDED from src/main/AndroidManifest.xml:2:1-31:12
	package
		ADDED from src/main/AndroidManifest.xml:3:5-39
		INJECTED from src/main/AndroidManifest.xml
		INJECTED from src/main/AndroidManifest.xml
	android:versionName
		ADDED from src/main/AndroidManifest.xml:5:5-30
		INJECTED from src/main/AndroidManifest.xml
		INJECTED from src/main/AndroidManifest.xml
	android:versionCode
		ADDED from src/main/AndroidManifest.xml:4:5-28
		INJECTED from src/main/AndroidManifest.xml
		INJECTED from src/main/AndroidManifest.xml
	xmlns:android
		ADDED from src/main/AndroidManifest.xml:2:11-69
uses-sdk
ADDED from src/main/AndroidManifest.xml:8:5-43
MERGED from [AndroidVkSdkSample:androidVkSdk:unspecified] AndroidManifest.xml:7:5-9:40
	android:targetSdkVersion
		INJECTED from src/main/AndroidManifest.xml
		INJECTED from src/main/AndroidManifest.xml
	android:minSdkVersion
		ADDED from src/main/AndroidManifest.xml:8:15-40
		INJECTED from src/main/AndroidManifest.xml
		INJECTED from src/main/AndroidManifest.xml
uses-permission#android.permission.INTERNET
ADDED from src/main/AndroidManifest.xml:10:5-66
	android:name
		ADDED from src/main/AndroidManifest.xml:10:22-64
application
ADDED from src/main/AndroidManifest.xml:12:5-29:19
	android:label
		ADDED from src/main/AndroidManifest.xml:14:9-41
	android:icon
		ADDED from src/main/AndroidManifest.xml:13:9-45
activity#com.perm.kate.api.sample.MainActivity
ADDED from src/main/AndroidManifest.xml:16:9-24:20
	android:label
		ADDED from src/main/AndroidManifest.xml:18:13-45
	android:name
		ADDED from src/main/AndroidManifest.xml:17:13-41
intent-filter#android.intent.action.MAIN+android.intent.category.LAUNCHER
ADDED from src/main/AndroidManifest.xml:20:13-23:29
action#android.intent.action.MAIN
ADDED from src/main/AndroidManifest.xml:21:17-69
	android:name
		ADDED from src/main/AndroidManifest.xml:21:25-66
category#android.intent.category.LAUNCHER
ADDED from src/main/AndroidManifest.xml:22:17-77
	android:name
		ADDED from src/main/AndroidManifest.xml:22:27-74
activity#com.perm.kate.api.sample.LoginActivity
ADDED from src/main/AndroidManifest.xml:25:9-28:11
	android:label
		ADDED from src/main/AndroidManifest.xml:27:13-45
	android:configChanges
		ADDED from src/main/AndroidManifest.xml:26:13-63
	android:name
		ADDED from src/main/AndroidManifest.xml:25:19-48